yarn jar projet_ple-f.jar nodesedges project/clean_data_100K project/data_100K_2 2 1 3

??????????????????????????????????????????????????????????????????
?             NODES & EDGES GENERATION REPORT (k=2)              ?
??????????????????????????????????????????????????????????????????
?  EXECUTION SUMMARY                                             ?
?    Total Duration:   363.9 s                                   ?
?    Throughput:       0.1 MB/s                                  ?
?    Games Processed:  98,171                                    ?
?    Total Input:      54.50 MB                                  ?
?    Total Output:     251.18 MB                                 ?
??????????????????????????????????????????????????????????????????
?  JOB 1: NODES (Data Pipeline)                                  ?
?    1. Input (HDFS):  54.50 MB                                  ?
?    2. Map Gen (Raw): 0.12 MB                                   ?
?    3. Combiner Red:  0.0% (Time: 0.01s)                           ?
?    4. Shuffle (Net): 0.12 MB                                   ?
?    5. Output (HDFS): 0.08 MB                                   ?
?  ------------------------------------------------------------  ?
?    Duration:         26.5 s                                    ?
?    Generated Unique: 7,222 nodes                               ?
?    Avg File Size:    0.1 MB (x1 files)                           ?
?    Suggestion:       Use ~1 reducers                           ?
??????????????????????????????????????????????????????????????????
?  JOB 2: EDGES (Data Pipeline)                                  ?
?    1. Input (HDFS):  54.50 MB                                  ?
?    2. Map Gen (Raw): 3124.95 MB                                ?
?    3. Combiner Red:  57.6% (Time: 49.29s)                           ?
?    4. Shuffle (Net): 1965.79 MB                                ?
?    5. Output (HDFS): 251.10 MB                                 ?
?  ------------------------------------------------------------  ?
?    Duration:         337.3 s                                   ?
?    Generated Unique: 18,923,177 edges                           ?
?    Avg File Size:    83.7 MB (x3 files)                           ?
?    Suggestion:       Use ~2 reducers                           ?
??????????????????????????????????????????????????????????????????
Output locations:
Nodes: project/data_100K_2/nodes
Edges: project/data_100K_2/edges



yarn jar projet_ple-f.jar nodesedges project/clean_data_1M project/data_1M_2 2 1 5

??????????????????????????????????????????????????????????????????
?             NODES & EDGES GENERATION REPORT (k=2)              ?
??????????????????????????????????????????????????????????????????
?  EXECUTION SUMMARY                                             ?
?    Total Duration:   569.4 s                                   ?
?    Throughput:       1.0 MB/s                                  ?
?    Games Processed:  984,607                                   ?
?    Total Input:      561.23 MB                                 ?
?    Total Output:     537.70 MB                                 ?
??????????????????????????????????????????????????????????????????
?  JOB 1: NODES (Data Pipeline)                                  ?
?    1. Input (HDFS):  561.23 MB                                 ?
?    2. Map Gen (Raw): 0.92 MB                                   ?
?    3. Combiner Red:  0.0% (Time: 0.20s)                           ?
?    4. Shuffle (Net): 0.92 MB                                   ?
?    5. Output (HDFS): 0.10 MB                                   ?
?  ------------------------------------------------------------  ?
?    Duration:         65.2 s                                    ?
?    Generated Unique: 7,232 nodes                               ?
?    Avg File Size:    0.1 MB (x1 files)                           ?
?    Suggestion:       Use ~1 reducers                           ?
??????????????????????????????????????????????????????????????????
?  JOB 2: EDGES (Data Pipeline)                                  ?
?    1. Input (HDFS):  561.23 MB                                 ?
?    2. Map Gen (Raw): 30408.76 MB                               ?
?    3. Combiner Red:  56.2% (Time: 547.58s)                           ?
?    4. Shuffle (Net): 20346.80 MB                               ?
?    5. Output (HDFS): 537.60 MB                                 ?
?  ------------------------------------------------------------  ?
?    Duration:         504.2 s                                   ?
?    Generated Unique: 38,863,037 edges                           ?
?    Avg File Size:    107.5 MB (x5 files)                           ?
?    Suggestion:       Use ~5 reducers                           ?
??????????????????????????????????????????????????????????????????
Output locations:
Nodes: project/data_1M_2/nodes
Edges: project/data_1M_2/edges



yarn jar projet_ple-f.jar nodesedges project/clean_data_10M project/data_10M_2 2 1 6

??????????????????????????????????????????????????????????????????
?             NODES & EDGES GENERATION REPORT (k=2)              ?
??????????????????????????????????????????????????????????????????
?  EXECUTION SUMMARY                                             ?
?    Total Duration:   774.7 s                                   ?
?    Throughput:       7.3 MB/s                                  ?
?    Games Processed:  9,896,712                                 ?
?    Total Input:      5657.19 MB                                ?
?    Total Output:     744.82 MB                                 ?
??????????????????????????????????????????????????????????????????
?  JOB 1: NODES (Data Pipeline)                                  ?
?    1. Input (HDFS):  5657.19 MB                                ?
?    2. Map Gen (Raw): 8.79 MB                                   ?
?    3. Combiner Red:  0.0% (Time: 1.12s)                           ?
?    4. Shuffle (Net): 8.79 MB                                   ?
?    5. Output (HDFS): 0.11 MB                                   ?
?  ------------------------------------------------------------  ?
?    Duration:         90.8 s                                    ?
?    Generated Unique: 7,232 nodes                               ?
?    Avg File Size:    0.1 MB (x1 files)                           ?
?    Suggestion:       Use ~1 reducers                           ?
??????????????????????????????????????????????????????????????????
?  JOB 2: EDGES (Data Pipeline)                                  ?
?    1. Input (HDFS):  5657.19 MB                                ?
?    2. Map Gen (Raw): 288542.88 MB                              ?
?    3. Combiner Red:  55.5% (Time: 5389.29s)                           ?
?    4. Shuffle (Net): 197557.54 MB                              ?
?    5. Output (HDFS): 744.71 MB                                 ?
?  ------------------------------------------------------------  ?
?    Duration:         683.9 s                                   ?
?    Generated Unique: 49,508,808 edges                           ?
?    Avg File Size:    124.1 MB (x6 files)                           ?
?    Suggestion:       Use ~6 reducers                           ?
??????????????????????????????????????????????????????????????????
Output locations:
Nodes: project/data_10M_2/nodes
Edges: project/data_10M_2/edges



yarn jar projet_ple-f.jar nodesedges project/clean_data project/data_raw_2 2 1 7

??????????????????????????????????????????????????????????????????
?             NODES & EDGES GENERATION REPORT (k=2)              ?
??????????????????????????????????????????????????????????????????
?  EXECUTION SUMMARY                                             ?
?    Total Duration:   1158.0 s                                  ?
?    Throughput:       18.5 MB/s                                 ?
?    Games Processed:  37,564,750                                ?
?    Total Input:      21401.13 MB                               ?
?    Total Output:     827.74 MB                                 ?
??????????????????????????????????????????????????????????????????
?  JOB 1: NODES (Data Pipeline)                                  ?
?    1. Input (HDFS):  21401.13 MB                               ?
?    2. Map Gen (Raw): 34.59 MB                                  ?
?    3. Combiner Red:  0.0% (Time: 5.35s)                           ?
?    4. Shuffle (Net): 34.59 MB                                  ?
?    5. Output (HDFS): 0.12 MB                                   ?
?  ------------------------------------------------------------  ?
?    Duration:         29.0 s                                    ?
?    Generated Unique: 7,232 nodes                               ?
?    Avg File Size:    0.1 MB (x1 files)                           ?
?    Suggestion:       Use ~1 reducers                           ?
??????????????????????????????????????????????????????????????????
?  JOB 2: EDGES (Data Pipeline)                                  ?
?    1. Input (HDFS):  21401.13 MB                               ?
?    2. Map Gen (Raw): 1069089.13 MB                             ?
?    3. Combiner Red:  55.5% (Time: 20234.33s)                           ?
?    4. Shuffle (Net): 725184.29 MB                              ?
?    5. Output (HDFS): 827.62 MB                                 ?
?  ------------------------------------------------------------  ?
?    Duration:         1129.0 s                                  ?
?    Generated Unique: 51,656,874 edges                           ?
?    Avg File Size:    118.2 MB (x7 files)                           ?
?    Suggestion:       Use ~7 reducers                           ?
??????????????????????????????????????????????????????????????????
Output locations:
Nodes: project/data_raw_2/nodes
Edges: project/data_raw_2/edges
