yarn jar projet_ple-f.jar nodesedges project/clean_data_100K project/data_100K_7 7 1 3

??????????????????????????????????????????????????????????????????
?             NODES & EDGES GENERATION REPORT (k=7)              ?
??????????????????????????????????????????????????????????????????
?  EXECUTION SUMMARY                                             ?
?    Total Duration:   93.1 s                                    ?
?    Throughput:       0.6 MB/s                                  ?
?    Games Processed:  98,171                                    ?
?    Total Input:      54.50 MB                                  ?
?    Total Output:     368.29 MB                                 ?
??????????????????????????????????????????????????????????????????
?  JOB 1: NODES (Data Pipeline)                                  ?
?    1. Input (HDFS):  54.50 MB                                  ?
?    2. Map Gen (Raw): 7.67 MB                                   ?
?    3. Combiner Red:  2.8% (Time: 0.13s)                           ?
?    4. Shuffle (Net): 7.46 MB                                   ?
?    5. Output (HDFS): 8.42 MB                                   ?
?  ------------------------------------------------------------  ?
?    Duration:         28.5 s                                    ?
?    Generated Unique: 466,158 nodes                             ?
?    Avg File Size:    8.4 MB (x1 files)                           ?
?    Suggestion:       Use ~1 reducers                           ?
??????????????????????????????????????????????????????????????????
?  JOB 2: EDGES (Data Pipeline)                                  ?
?    1. Input (HDFS):  54.50 MB                                  ?
?    2. Map Gen (Raw): 290.06 MB                                 ?
?    3. Combiner Red:  9.8% (Time: 3.15s)                           ?
?    4. Shuffle (Net): 261.73 MB                                 ?
?    5. Output (HDFS): 359.87 MB                                 ?
?  ------------------------------------------------------------  ?
?    Duration:         64.6 s                                    ?
?    Generated Unique: 10,903,929 edges                           ?
?    Avg File Size:    120.0 MB (x3 files)                           ?
?    Suggestion:       Use ~3 reducers                           ?
??????????????????????????????????????????????????????????????????
Output locations:
Nodes: project/data_100K_7/nodes
Edges: project/data_100K_7/edges



yarn jar projet_ple-f.jar nodesedges project/clean_data_1M project/data_1M_7 7 1 27

??????????????????????????????????????????????????????????????????
?             NODES & EDGES GENERATION REPORT (k=7)              ?
??????????????????????????????????????????????????????????????????
?  EXECUTION SUMMARY                                             ?
?    Total Duration:   179.7 s                                   ?
?    Throughput:       3.1 MB/s                                  ?
?    Games Processed:  984,607                                   ?
?    Total Input:      561.23 MB                                 ?
?    Total Output:     3500.29 MB                                ?
??????????????????????????????????????????????????????????????????
?  JOB 1: NODES (Data Pipeline)                                  ?
?    1. Input (HDFS):  561.23 MB                                 ?
?    2. Map Gen (Raw): 92.62 MB                                  ?
?    3. Combiner Red:  8.3% (Time: 1.50s)                           ?
?    4. Shuffle (Net): 84.91 MB                                  ?
?    5. Output (HDFS): 67.18 MB                                  ?
?  ------------------------------------------------------------  ?
?    Duration:         60.2 s                                    ?
?    Generated Unique: 3,721,701 nodes                           ?
?    Avg File Size:    67.2 MB (x1 files)                           ?
?    Suggestion:       Use ~1 reducers                           ?
??????????????????????????????????????????????????????????????????
?  JOB 2: EDGES (Data Pipeline)                                  ?
?    1. Input (HDFS):  561.23 MB                                 ?
?    2. Map Gen (Raw): 2907.43 MB                                ?
?    3. Combiner Red:  5.6% (Time: 41.73s)                           ?
?    4. Shuffle (Net): 2745.29 MB                                ?
?    5. Output (HDFS): 3433.11 MB                                ?
?  ------------------------------------------------------------  ?
?    Duration:         119.5 s                                   ?
?    Generated Unique: 104,013,949 edges                           ?
?    Avg File Size:    127.2 MB (x27 files)                           ?
?    Suggestion:       Use ~26 reducers                           ?
??????????????????????????????????????????????????????????????????
Output locations:
Nodes: project/data_1M_7/nodes
Edges: project/data_1M_7/edges



yarn jar projet_ple-f.jar nodesedges project/clean_data_10M project/data_10M_7 7 4 249

??????????????????????????????????????????????????????????????????
?             NODES & EDGES GENERATION REPORT (k=7)              ?
??????????????????????????????????????????????????????????????????
?  EXECUTION SUMMARY                                             ?
?    Total Duration:   180.0 s                                   ?
?    Throughput:       31.4 MB/s                                 ?
?    Games Processed:  9,896,712                                 ?
?    Total Input:      5657.19 MB                                ?
?    Total Output:     33789.12 MB                               ?
??????????????????????????????????????????????????????????????????
?  JOB 1: NODES (Data Pipeline)                                  ?
?    1. Input (HDFS):  5657.19 MB                                ?
?    2. Map Gen (Raw): 963.83 MB                                 ?
?    3. Combiner Red:  7.9% (Time: 18.17s)                           ?
?    4. Shuffle (Net): 887.75 MB                                 ?
?    5. Output (HDFS): 461.15 MB                                 ?
?  ------------------------------------------------------------  ?
?    Duration:         45.7 s                                    ?
?    Generated Unique: 25,505,180 nodes                           ?
?    Avg File Size:    115.3 MB (x4 files)                           ?
?    Suggestion:       Use ~4 reducers                           ?
??????????????????????????????????????????????????????????????????
?  JOB 2: EDGES (Data Pipeline)                                  ?
?    1. Input (HDFS):  5657.19 MB                                ?
?    2. Map Gen (Raw): 29289.33 MB                               ?
?    3. Combiner Red:  2.9% (Time: 334.27s)                           ?
?    4. Shuffle (Net): 28447.38 MB                               ?
?    5. Output (HDFS): 33327.97 MB                               ?
?  ------------------------------------------------------------  ?
?    Duration:         134.3 s                                   ?
?    Generated Unique: 1,009,722,546 edges                           ?
?    Avg File Size:    133.8 MB (x249 files)                           ?
?    Suggestion:       Use ~249 reducers                           ?
??????????????????????????????????????????????????????????????????
Output locations:
Nodes: project/data_10M_7/nodes
Edges: project/data_10M_7/edges



yarn jar projet_ple-f.jar nodesedges project/clean_data project/data_raw_7 7 12 987

??????????????????????????????????????????????????????????????????
?             NODES & EDGES GENERATION REPORT (k=7)              ?
??????????????????????????????????????????????????????????????????
?  EXECUTION SUMMARY                                             ?
?    Total Duration:   214.5 s                                   ?
?    Throughput:       99.8 MB/s                                 ?
?    Games Processed:  37,564,750                                ?
?    Total Input:      21401.13 MB                               ?
?    Total Output:     127754.41 MB                              ?
??????????????????????????????????????????????????????????????????
?  JOB 1: NODES (Data Pipeline)                                  ?
?    1. Input (HDFS):  21401.13 MB                               ?
?    2. Map Gen (Raw): 3920.42 MB                                ?
?    3. Combiner Red:  7.0% (Time: 74.70s)                           ?
?    4. Shuffle (Net): 3646.70 MB                                ?
?    5. Output (HDFS): 1452.00 MB                                ?
?  ------------------------------------------------------------  ?
?    Duration:         47.2 s                                    ?
?    Generated Unique: 80,230,366 nodes                           ?
?    Avg File Size:    121.0 MB (x12 files)                           ?
?    Suggestion:       Use ~11 reducers                           ?
??????????????????????????????????????????????????????????????????
?  JOB 2: EDGES (Data Pipeline)                                  ?
?    1. Input (HDFS):  21401.13 MB                               ?
?    2. Map Gen (Raw): 111320.19 MB                              ?
?    3. Combiner Red:  2.1% (Time: 906.15s)                           ?
?    4. Shuffle (Net): 108963.10 MB                              ?
?    5. Output (HDFS): 126302.41 MB                              ?
?  ------------------------------------------------------------  ?
?    Duration:         167.3 s                                   ?
?    Generated Unique: 3,826,586,057 edges                           ?
?    Avg File Size:    128.0 MB (x987 files)                           ?
?    Suggestion:       Use ~942 reducers                           ?
??????????????????????????????????????????????????????????????????
Output locations:
Nodes: project/data_raw_7/nodes
Edges: project/data_raw_7/edges